<?xml version="1.0" encoding="UTF-8"?>
<testng-results ignored="1" total="2" passed="1" failed="0" skipped="0">
  <reporter-output>
  </reporter-output>
  <suite started-at="2023-05-02T16:01:38 CET" name="Default suite" finished-at="2023-05-02T16:02:23 CET" duration-ms="45583">
    <groups>
    </groups>
    <test started-at="2023-05-02T16:01:38 CET" name="Default test" finished-at="2023-05-02T16:02:23 CET" duration-ms="45583">
      <class name="com.selenium_with_java_testNG.qa.testcases.Login">
        <test-method signature="login_with_invalid_cerdentials()[pri:0, instance:com.selenium_with_java_testNG.qa.testcases.Login@26e356f0]" started-at="2023-05-02T16:01:38 CET" name="login_with_invalid_cerdentials" finished-at="2023-05-02T16:02:23 CET" duration-ms="45529" status="PASS">
          <reporter-output>
          </reporter-output>
        </test-method> <!-- login_with_invalid_cerdentials -->
      </class> <!-- com.selenium_with_java_testNG.qa.testcases.Login -->
    </test> <!-- Default test -->
  </suite> <!-- Default suite -->
</testng-results>
