<?xml version="1.0" encoding="UTF-8"?>
<!-- Generated by org.testng.reporters.JUnitXMLReporter -->
<testsuite ignored="1" hostname="azmi" failures="0" tests="1" name="Default test" time="45.583" errors="0" timestamp="2023-05-02T16:02:23 CET">
  <testcase classname="com.selenium_with_java_testNG.qa.testcases.Login" name="login_with_invalid_cerdentials" time="45.529"/>
  <testcase classname="com.selenium_with_java_testNG.qa.testcases.Login" name="login_with_valid_cerdentials" time="0.0">
    <ignored/>
  </testcase> <!-- login_with_valid_cerdentials -->
</testsuite> <!-- Default test -->
